Start testing: Dec 09 16:21 EST
----------------------------------------------------------
1/5 Testing: cppcheck
1/5 Test: cppcheck
Command: "/usr/bin/python3.8" "-u" "/home/fierra/ros2_humble/install/ament_cmake_test/share/ament_cmake_test/cmake/run_test.py" "/home/fierra/beginner_tutuorial/build/cpp_pubsub/test_results/cpp_pubsub/cppcheck.xunit.xml" "--package-name" "cpp_pubsub" "--output-file" "/home/fierra/beginner_tutuorial/build/cpp_pubsub/ament_cppcheck/cppcheck.txt" "--command" "/home/fierra/ros2_humble/install/ament_cppcheck/bin/ament_cppcheck" "--xunit-file" "/home/fierra/beginner_tutuorial/build/cpp_pubsub/test_results/cpp_pubsub/cppcheck.xunit.xml" "--include_dirs" "/home/fierra/beginner_tutuorial/src/cpp_pubsub/include"
Directory: /home/fierra/beginner_tutuorial/src/cpp_pubsub
"cppcheck" start time: Dec 09 16:21 EST
Output:
----------------------------------------------------------
-- run_test.py: invoking following command in '/home/fierra/beginner_tutuorial/src/cpp_pubsub':
 - /home/fierra/ros2_humble/install/ament_cppcheck/bin/ament_cppcheck --xunit-file /home/fierra/beginner_tutuorial/build/cpp_pubsub/test_results/cpp_pubsub/cppcheck.xunit.xml --include_dirs /home/fierra/beginner_tutuorial/src/cpp_pubsub/include
No problems found
-- run_test.py: return code 0
-- run_test.py: verify result file '/home/fierra/beginner_tutuorial/build/cpp_pubsub/test_results/cpp_pubsub/cppcheck.xunit.xml'
<end of output>
Test time =   3.16 sec
----------------------------------------------------------
Test Passed.
"cppcheck" end time: Dec 09 16:21 EST
"cppcheck" time elapsed: 00:00:03
----------------------------------------------------------

2/5 Testing: lint_cmake
2/5 Test: lint_cmake
Command: "/usr/bin/python3.8" "-u" "/home/fierra/ros2_humble/install/ament_cmake_test/share/ament_cmake_test/cmake/run_test.py" "/home/fierra/beginner_tutuorial/build/cpp_pubsub/test_results/cpp_pubsub/lint_cmake.xunit.xml" "--package-name" "cpp_pubsub" "--output-file" "/home/fierra/beginner_tutuorial/build/cpp_pubsub/ament_lint_cmake/lint_cmake.txt" "--command" "/home/fierra/ros2_humble/install/ament_lint_cmake/bin/ament_lint_cmake" "--xunit-file" "/home/fierra/beginner_tutuorial/build/cpp_pubsub/test_results/cpp_pubsub/lint_cmake.xunit.xml"
Directory: /home/fierra/beginner_tutuorial/src/cpp_pubsub
"lint_cmake" start time: Dec 09 16:21 EST
Output:
----------------------------------------------------------
-- run_test.py: invoking following command in '/home/fierra/beginner_tutuorial/src/cpp_pubsub':
 - /home/fierra/ros2_humble/install/ament_lint_cmake/bin/ament_lint_cmake --xunit-file /home/fierra/beginner_tutuorial/build/cpp_pubsub/test_results/cpp_pubsub/lint_cmake.xunit.xml

No problems found
-- run_test.py: return code 0
-- run_test.py: verify result file '/home/fierra/beginner_tutuorial/build/cpp_pubsub/test_results/cpp_pubsub/lint_cmake.xunit.xml'
<end of output>
Test time =   1.49 sec
----------------------------------------------------------
Test Passed.
"lint_cmake" end time: Dec 09 16:21 EST
"lint_cmake" time elapsed: 00:00:01
----------------------------------------------------------

3/5 Testing: pep257
3/5 Test: pep257
Command: "/usr/bin/python3.8" "-u" "/home/fierra/ros2_humble/install/ament_cmake_test/share/ament_cmake_test/cmake/run_test.py" "/home/fierra/beginner_tutuorial/build/cpp_pubsub/test_results/cpp_pubsub/pep257.xunit.xml" "--package-name" "cpp_pubsub" "--output-file" "/home/fierra/beginner_tutuorial/build/cpp_pubsub/ament_pep257/pep257.txt" "--command" "/home/fierra/ros2_humble/install/ament_pep257/bin/ament_pep257" "--xunit-file" "/home/fierra/beginner_tutuorial/build/cpp_pubsub/test_results/cpp_pubsub/pep257.xunit.xml"
Directory: /home/fierra/beginner_tutuorial/src/cpp_pubsub
"pep257" start time: Dec 09 16:21 EST
Output:
----------------------------------------------------------
-- run_test.py: invoking following command in '/home/fierra/beginner_tutuorial/src/cpp_pubsub':
 - /home/fierra/ros2_humble/install/ament_pep257/bin/ament_pep257 --xunit-file /home/fierra/beginner_tutuorial/build/cpp_pubsub/test_results/cpp_pubsub/pep257.xunit.xml
checking ./launch/run_test.launch.py
No problems found
-- run_test.py: return code 0
-- run_test.py: verify result file '/home/fierra/beginner_tutuorial/build/cpp_pubsub/test_results/cpp_pubsub/pep257.xunit.xml'
<end of output>
Test time =   1.55 sec
----------------------------------------------------------
Test Passed.
"pep257" end time: Dec 09 16:21 EST
"pep257" time elapsed: 00:00:01
----------------------------------------------------------

4/5 Testing: uncrustify
4/5 Test: uncrustify
Command: "/usr/bin/python3.8" "-u" "/home/fierra/ros2_humble/install/ament_cmake_test/share/ament_cmake_test/cmake/run_test.py" "/home/fierra/beginner_tutuorial/build/cpp_pubsub/test_results/cpp_pubsub/uncrustify.xunit.xml" "--package-name" "cpp_pubsub" "--output-file" "/home/fierra/beginner_tutuorial/build/cpp_pubsub/ament_uncrustify/uncrustify.txt" "--command" "/home/fierra/ros2_humble/install/ament_uncrustify/bin/ament_uncrustify" "--xunit-file" "/home/fierra/beginner_tutuorial/build/cpp_pubsub/test_results/cpp_pubsub/uncrustify.xunit.xml"
Directory: /home/fierra/beginner_tutuorial/src/cpp_pubsub
"uncrustify" start time: Dec 09 16:21 EST
Output:
----------------------------------------------------------
-- run_test.py: invoking following command in '/home/fierra/beginner_tutuorial/src/cpp_pubsub':
 - /home/fierra/ros2_humble/install/ament_uncrustify/bin/ament_uncrustify --xunit-file /home/fierra/beginner_tutuorial/build/cpp_pubsub/test_results/cpp_pubsub/uncrustify.xunit.xml
Code style divergence in file 'src/my_dummy_lib_funct1.cpp':

--- src/my_dummy_lib_funct1.cpp
+++ src/my_dummy_lib_funct1.cpp.uncrustify
@@ -1 +0,0 @@
-

Code style divergence in file 'src/publisher_member_function.cpp':

--- src/publisher_member_function.cpp
+++ src/publisher_member_function.cpp.uncrustify
@@ -1 +0,0 @@
-
@@ -27 +26 @@
-using STRING    = std_msgs::msg::String;
+using STRING = std_msgs::msg::String;
@@ -29 +28 @@
-using TIMER     = rclcpp::TimerBase::SharedPtr;
+using TIMER = rclcpp::TimerBase::SharedPtr;
@@ -38 +37,2 @@
-class MinimalPublisher : public rclcpp::Node {
+class MinimalPublisher : public rclcpp::Node
+{
@@ -40,3 +40,2 @@
-
-  MinimalPublisher() :
-    Node("minimal_publisher"),
+  MinimalPublisher()
+  : Node("minimal_publisher"),
@@ -52,2 +51 @@
-    timer_ = this->create_wall_timer
-               (500ms, std::bind(&MinimalPublisher::timer_callback, this));
+    timer_ = this->create_wall_timer(500ms, std::bind(&MinimalPublisher::timer_callback, this));
@@ -57 +54,0 @@
-
@@ -68,3 +65,4 @@
-    RCLCPP_INFO_STREAM(this->get_logger(),
-                       "Publishing: " << message.data.c_str() <<
-                       " " << function2(323));
+    RCLCPP_INFO_STREAM(
+      this->get_logger(),
+      "Publishing: " << message.data.c_str() <<
+        " " << function2(323));
@@ -76 +74 @@
-    if (count_ > 3)
+    if (count_ > 3) {
@@ -77,0 +76 @@
+    }
@@ -81 +80 @@
-int main(int argc, char *argv[])
+int main(int argc, char * argv[])

Code style divergence in file 'src/subscriber_member_function.cpp':

--- src/subscriber_member_function.cpp
+++ src/subscriber_member_function.cpp.uncrustify
@@ -1 +0,0 @@
-
@@ -23 +22,2 @@
-class MinimalSubscriber : public rclcpp::Node {
+class MinimalSubscriber : public rclcpp::Node
+{
@@ -25,3 +25,2 @@
-
-  MinimalSubscriber() :
-    Node("minimal_subscriber"),
+  MinimalSubscriber()
+  : Node("minimal_subscriber"),
@@ -36,2 +35 @@
-
-  void topic_callback(const std_msgs::msg::String& msg)
+  void topic_callback(const std_msgs::msg::String & msg)
@@ -42 +40 @@
-    if (++count_ >= 3)
+    if (++count_ >= 3) {
@@ -43,0 +42 @@
+    }
@@ -50 +49 @@
-int main(int argc, char *argv[])
+int main(int argc, char * argv[])

3 files with code style divergence
No code style divergence in file 'include/my_dummy_lib_funct1.hpp'

No code style divergence in file 'include/my_dummy_lib_funct2.hpp'

No code style divergence in file 'src/my_dummy_lib_funct2.cpp'

-- run_test.py: return code 1
-- run_test.py: verify result file '/home/fierra/beginner_tutuorial/build/cpp_pubsub/test_results/cpp_pubsub/uncrustify.xunit.xml'
<end of output>
Test time =   2.12 sec
----------------------------------------------------------
Test Failed.
"uncrustify" end time: Dec 09 16:21 EST
"uncrustify" time elapsed: 00:00:02
----------------------------------------------------------

5/5 Testing: xmllint
5/5 Test: xmllint
Command: "/usr/bin/python3.8" "-u" "/home/fierra/ros2_humble/install/ament_cmake_test/share/ament_cmake_test/cmake/run_test.py" "/home/fierra/beginner_tutuorial/build/cpp_pubsub/test_results/cpp_pubsub/xmllint.xunit.xml" "--package-name" "cpp_pubsub" "--output-file" "/home/fierra/beginner_tutuorial/build/cpp_pubsub/ament_xmllint/xmllint.txt" "--command" "/home/fierra/ros2_humble/install/ament_xmllint/bin/ament_xmllint" "--xunit-file" "/home/fierra/beginner_tutuorial/build/cpp_pubsub/test_results/cpp_pubsub/xmllint.xunit.xml"
Directory: /home/fierra/beginner_tutuorial/src/cpp_pubsub
"xmllint" start time: Dec 09 16:21 EST
Output:
----------------------------------------------------------
-- run_test.py: invoking following command in '/home/fierra/beginner_tutuorial/src/cpp_pubsub':
 - /home/fierra/ros2_humble/install/ament_xmllint/bin/ament_xmllint --xunit-file /home/fierra/beginner_tutuorial/build/cpp_pubsub/test_results/cpp_pubsub/xmllint.xunit.xml
File 'package.xml' is valid

No problems found
-- run_test.py: return code 0
-- run_test.py: verify result file '/home/fierra/beginner_tutuorial/build/cpp_pubsub/test_results/cpp_pubsub/xmllint.xunit.xml'
<end of output>
Test time =   1.82 sec
----------------------------------------------------------
Test Passed.
"xmllint" end time: Dec 09 16:21 EST
"xmllint" time elapsed: 00:00:01
----------------------------------------------------------

End testing: Dec 09 16:21 EST

cppcheck =   3.16 sec*proc

lint_cmake =   1.49 sec*proc

linter =  10.14 sec*proc

pep257 =   1.55 sec*proc

uncrustify =   2.12 sec*proc

xmllint =   1.82 sec*proc

