CMake Deprecation Warning at /home/fierra/ros2_humble/install/rosidl_cmake/share/rosidl_cmake/cmake/rosidl_target_interfaces.cmake:32 (message):
  Use rosidl_get_typesupport_target() and target_link_libraries() instead of
  rosidl_target_interfaces()
Call Stack (most recent call first):
  CMakeLists.txt:55 (rosidl_target_interfaces)


CMake Deprecation Warning at /home/fierra/ros2_humble/install/rosidl_cmake/share/rosidl_cmake/cmake/rosidl_target_interfaces.cmake:32 (message):
  Use rosidl_get_typesupport_target() and target_link_libraries() instead of
  rosidl_target_interfaces()
Call Stack (most recent call first):
  CMakeLists.txt:58 (rosidl_target_interfaces)


CMake Deprecation Warning at /home/fierra/ros2_humble/install/rosidl_cmake/share/rosidl_cmake/cmake/rosidl_target_interfaces.cmake:32 (message):
  Use rosidl_get_typesupport_target() and target_link_libraries() instead of
  rosidl_target_interfaces()
Call Stack (most recent call first):
  CMakeLists.txt:61 (rosidl_target_interfaces)


[01m[K/home/fierra/beginner_tutuorial/src/beginner_tutorials/test/basic_test.cpp:50:10:[m[K [01;31m[Kfatal error: [m[Kstd_msgs/msg/string.hpp: No such file or directory
   50 | #include [01;31m[K"std_msgs/msg/string.hpp"[m[K
      |          [01;31m[K^~~~~~~~~~~~~~~~~~~~~~~~~[m[K
compilation terminated.
make[2]: *** [CMakeFiles/beginner_tutorials_test.dir/build.make:63: CMakeFiles/beginner_tutorials_test.dir/test/basic_test.cpp.o] Error 1
make[1]: *** [CMakeFiles/Makefile2:390: CMakeFiles/beginner_tutorials_test.dir/all] Error 2
make[1]: *** Waiting for unfinished jobs....
[01m[K/home/fierra/beginner_tutuorial/src/beginner_tutorials/src/publisher_member_function.cpp:[m[K In constructor â€˜[01m[KMinimalPublisher::MinimalPublisher()[m[Kâ€™:
[01m[K/home/fierra/beginner_tutuorial/src/beginner_tutorials/src/publisher_member_function.cpp:79:10:[m[K [01;35m[Kwarning: [m[Kunused variable â€˜[01m[Kfrequency[m[Kâ€™ [[01;35m[K-Wunused-variable[m[K]
   79 |     auto [01;35m[Kfrequency[m[K = this->get_parameter("frequency")
      |          [01;35m[K^~~~~~~~~[m[K
make: *** [Makefile:141: all] Error 2
