-- Found ament_cmake: 1.3.2 (/home/fierra/ros2_humble/install/ament_cmake/share/ament_cmake/cmake)
-- Found rclcpp: 16.0.1 (/home/fierra/ros2_humble/install/rclcpp/share/rclcpp/cmake)
-- Found rosidl_generator_c: 3.1.3 (/home/fierra/ros2_humble/install/rosidl_generator_c/share/rosidl_generator_c/cmake)
-- Found rosidl_adapter: 3.1.3 (/home/fierra/ros2_humble/install/rosidl_adapter/share/rosidl_adapter/cmake)
-- Found rosidl_generator_cpp: 3.1.3 (/home/fierra/ros2_humble/install/rosidl_generator_cpp/share/rosidl_generator_cpp/cmake)
-- Using all available rosidl_typesupport_c: rosidl_typesupport_introspection_c;rosidl_typesupport_fastrtps_c
-- Using all available rosidl_typesupport_cpp: rosidl_typesupport_introspection_cpp;rosidl_typesupport_fastrtps_cpp
-- Found rmw_implementation_cmake: 6.1.0 (/home/fierra/ros2_humble/install/rmw_implementation_cmake/share/rmw_implementation_cmake/cmake)
-- Found rmw_fastrtps_cpp: 6.2.1 (/home/fierra/ros2_humble/install/rmw_fastrtps_cpp/share/rmw_fastrtps_cpp/cmake)
-- Using RMW implementation 'rmw_fastrtps_cpp' as default
-- Found tf2: 0.25.1 (/home/fierra/ros2_humble/install/tf2/share/tf2/cmake)
-- Found tf2_ros: 0.25.1 (/home/fierra/ros2_humble/install/tf2_ros/share/tf2_ros/cmake)
-- Found turtlesim: 1.4.2 (/home/fierra/ros2_humble/install/turtlesim/share/turtlesim/cmake)
-- Found rosidl_default_generators: 1.2.0 (/home/fierra/ros2_humble/install/rosidl_default_generators/share/rosidl_default_generators/cmake)
-- Found ament_cmake_ros: 0.10.0 (/home/fierra/ros2_humble/install/ament_cmake_ros/share/ament_cmake_ros/cmake)
-- Using all available rosidl_typesupport_c: rosidl_typesupport_introspection_c;rosidl_typesupport_fastrtps_c
-- Using all available rosidl_typesupport_cpp: rosidl_typesupport_introspection_cpp;rosidl_typesupport_fastrtps_cpp
-- Found python_cmake_module: 0.10.0 (/home/fierra/ros2_humble/install/python_cmake_module/share/python_cmake_module/cmake)
-- Using PYTHON_EXECUTABLE: /usr/bin/python3
-- Using PYTHON_INCLUDE_DIRS: /usr/include/python3.8
-- Using PYTHON_LIBRARIES: /usr/lib/x86_64-linux-gnu/libpython3.8.so
CMake Deprecation Warning at /home/fierra/ros2_humble/install/rosidl_cmake/share/rosidl_cmake/cmake/rosidl_target_interfaces.cmake:32 (message):
  Use rosidl_get_typesupport_target() and target_link_libraries() instead of
  rosidl_target_interfaces()
Call Stack (most recent call first):
  CMakeLists.txt:55 (rosidl_target_interfaces)


CMake Deprecation Warning at /home/fierra/ros2_humble/install/rosidl_cmake/share/rosidl_cmake/cmake/rosidl_target_interfaces.cmake:32 (message):
  Use rosidl_get_typesupport_target() and target_link_libraries() instead of
  rosidl_target_interfaces()
Call Stack (most recent call first):
  CMakeLists.txt:58 (rosidl_target_interfaces)


CMake Deprecation Warning at /home/fierra/ros2_humble/install/rosidl_cmake/share/rosidl_cmake/cmake/rosidl_target_interfaces.cmake:32 (message):
  Use rosidl_get_typesupport_target() and target_link_libraries() instead of
  rosidl_target_interfaces()
Call Stack (most recent call first):
  CMakeLists.txt:61 (rosidl_target_interfaces)


-- Found ament_lint_auto: 0.12.4 (/home/fierra/ros2_humble/install/ament_lint_auto/share/ament_lint_auto/cmake)
-- Found gtest sources under '/home/fierra/ros2_humble/install/gtest_vendor/src/gtest_vendor': C++ tests using 'Google Test' will be built
-- Added test 'lint_cmake' to check CMake code style
-- Added test 'xmllint' to check XML markup files
-- Configuring done
-- Generating done
-- Build files have been written to: /home/fierra/beginner_tutuorial/build/beginner_tutorials
[  4%] Built target gtest
[ 16%] Built target gtest_main
[ 16%] Built target beginner_tutorials__rosidl_generator_c
[ 18%] Built target beginner_tutorials__cpp
[ 18%] Built target ament_cmake_python_copy_beginner_tutorials
[35m[1mScanning dependencies of target beginner_tutorials_test[0m
[ 25%] Built target beginner_tutorials__rosidl_typesupport_introspection_c
[ 32%] Built target beginner_tutorials__rosidl_typesupport_fastrtps_c
[ 39%] Built target beginner_tutorials__rosidl_typesupport_introspection_cpp
[ 46%] Built target beginner_tutorials__rosidl_typesupport_c
[ 53%] Built target beginner_tutorials__rosidl_typesupport_cpp
[ 60%] Built target beginner_tutorials__rosidl_typesupport_fastrtps_cpp
[ 60%] Built target beginner_tutorials
[35m[1mScanning dependencies of target client[0m
[35m[1mScanning dependencies of target talker[0m
[35m[1mScanning dependencies of target listener[0m
[ 62%] [32mBuilding CXX object CMakeFiles/beginner_tutorials_test.dir/test/basic_test.cpp.o[0m
[ 65%] Built target beginner_tutorials__py
[ 69%] Built target beginner_tutorials__rosidl_generator_py
[ 74%] Built target beginner_tutorials__rosidl_typesupport_c__pyext
[ 79%] Built target beginner_tutorials__rosidl_typesupport_introspection_c__pyext
[ 83%] Built target beginner_tutorials__rosidl_typesupport_fastrtps_c__pyext
[ 86%] [32mBuilding CXX object CMakeFiles/client.dir/src/change_string_client.cpp.o[0m
[ 90%] [32mBuilding CXX object CMakeFiles/listener.dir/src/subscriber_member_function.cpp.o[0m
[ 90%] [32mBuilding CXX object CMakeFiles/talker.dir/src/publisher_member_function.cpp.o[0m
[01m[K/home/fierra/beginner_tutuorial/src/beginner_tutorials/test/basic_test.cpp:50:10:[m[K [01;31m[Kfatal error: [m[Kstd_msgs/msg/string.hpp: No such file or directory
   50 | #include [01;31m[K"std_msgs/msg/string.hpp"[m[K
      |          [01;31m[K^~~~~~~~~~~~~~~~~~~~~~~~~[m[K
compilation terminated.
make[2]: *** [CMakeFiles/beginner_tutorials_test.dir/build.make:63: CMakeFiles/beginner_tutorials_test.dir/test/basic_test.cpp.o] Error 1
make[1]: *** [CMakeFiles/Makefile2:390: CMakeFiles/beginner_tutorials_test.dir/all] Error 2
make[1]: *** Waiting for unfinished jobs....
running egg_info
writing beginner_tutorials.egg-info/PKG-INFO
writing dependency_links to beginner_tutorials.egg-info/dependency_links.txt
writing top-level names to beginner_tutorials.egg-info/top_level.txt
reading manifest file 'beginner_tutorials.egg-info/SOURCES.txt'
writing manifest file 'beginner_tutorials.egg-info/SOURCES.txt'
[ 90%] Built target ament_cmake_python_build_beginner_tutorials_egg
[01m[K/home/fierra/beginner_tutuorial/src/beginner_tutorials/src/publisher_member_function.cpp:[m[K In constructor â€˜[01m[KMinimalPublisher::MinimalPublisher()[m[Kâ€™:
[01m[K/home/fierra/beginner_tutuorial/src/beginner_tutorials/src/publisher_member_function.cpp:79:10:[m[K [01;35m[Kwarning: [m[Kunused variable â€˜[01m[Kfrequency[m[Kâ€™ [[01;35m[K-Wunused-variable[m[K]
   79 |     auto [01;35m[Kfrequency[m[K = this->get_parameter("frequency")
      |          [01;35m[K^~~~~~~~~[m[K
[ 93%] [32m[1mLinking CXX executable client[0m
[ 93%] Built target client
[ 95%] [32m[1mLinking CXX executable talker[0m
[ 95%] Built target talker
[ 97%] [32m[1mLinking CXX executable listener[0m
[ 97%] Built target listener
make: *** [Makefile:141: all] Error 2
