Start testing: Nov 15 22:43 EST
----------------------------------------------------------
1/6 Testing: copyright
1/6 Test: copyright
Command: "/usr/bin/python3.8" "-u" "/home/fierra/ros2_humble/install/ament_cmake_test/share/ament_cmake_test/cmake/run_test.py" "/home/fierra/ros2_ws/build/examples_rclcpp_cbg_executor/test_results/examples_rclcpp_cbg_executor/copyright.xunit.xml" "--package-name" "examples_rclcpp_cbg_executor" "--output-file" "/home/fierra/ros2_ws/build/examples_rclcpp_cbg_executor/ament_copyright/copyright.txt" "--command" "/home/fierra/ros2_humble/install/ament_copyright/bin/ament_copyright" "--xunit-file" "/home/fierra/ros2_ws/build/examples_rclcpp_cbg_executor/test_results/examples_rclcpp_cbg_executor/copyright.xunit.xml"
Directory: /home/fierra/ros2_ws/src/examples/rclcpp/executors/cbg_executor
"copyright" start time: Nov 15 22:43 EST
Output:
----------------------------------------------------------
-- run_test.py: invoking following command in '/home/fierra/ros2_ws/src/examples/rclcpp/executors/cbg_executor':
 - /home/fierra/ros2_humble/install/ament_copyright/bin/ament_copyright --xunit-file /home/fierra/ros2_ws/build/examples_rclcpp_cbg_executor/test_results/examples_rclcpp_cbg_executor/copyright.xunit.xml
No problems found, checked 8 files
-- run_test.py: return code 0
-- run_test.py: verify result file '/home/fierra/ros2_ws/build/examples_rclcpp_cbg_executor/test_results/examples_rclcpp_cbg_executor/copyright.xunit.xml'
<end of output>
Test time =   3.93 sec
----------------------------------------------------------
Test Passed.
"copyright" end time: Nov 15 22:43 EST
"copyright" time elapsed: 00:00:03
----------------------------------------------------------

2/6 Testing: cppcheck
2/6 Test: cppcheck
Command: "/usr/bin/python3.8" "-u" "/home/fierra/ros2_humble/install/ament_cmake_test/share/ament_cmake_test/cmake/run_test.py" "/home/fierra/ros2_ws/build/examples_rclcpp_cbg_executor/test_results/examples_rclcpp_cbg_executor/cppcheck.xunit.xml" "--package-name" "examples_rclcpp_cbg_executor" "--output-file" "/home/fierra/ros2_ws/build/examples_rclcpp_cbg_executor/ament_cppcheck/cppcheck.txt" "--command" "/home/fierra/ros2_humble/install/ament_cppcheck/bin/ament_cppcheck" "--xunit-file" "/home/fierra/ros2_ws/build/examples_rclcpp_cbg_executor/test_results/examples_rclcpp_cbg_executor/cppcheck.xunit.xml" "--include_dirs" "/home/fierra/ros2_ws/src/examples/rclcpp/executors/cbg_executor/include"
Directory: /home/fierra/ros2_ws/src/examples/rclcpp/executors/cbg_executor
"cppcheck" start time: Nov 15 22:43 EST
Output:
----------------------------------------------------------
-- run_test.py: invoking following command in '/home/fierra/ros2_ws/src/examples/rclcpp/executors/cbg_executor':
 - /home/fierra/ros2_humble/install/ament_cppcheck/bin/ament_cppcheck --xunit-file /home/fierra/ros2_ws/build/examples_rclcpp_cbg_executor/test_results/examples_rclcpp_cbg_executor/cppcheck.xunit.xml --include_dirs /home/fierra/ros2_ws/src/examples/rclcpp/executors/cbg_executor/include
No problems found
-- run_test.py: return code 0
-- run_test.py: verify result file '/home/fierra/ros2_ws/build/examples_rclcpp_cbg_executor/test_results/examples_rclcpp_cbg_executor/cppcheck.xunit.xml'
<end of output>
Test time =   1.67 sec
----------------------------------------------------------
Test Passed.
"cppcheck" end time: Nov 15 22:43 EST
"cppcheck" time elapsed: 00:00:01
----------------------------------------------------------

3/6 Testing: cpplint
3/6 Test: cpplint
Command: "/usr/bin/python3.8" "-u" "/home/fierra/ros2_humble/install/ament_cmake_test/share/ament_cmake_test/cmake/run_test.py" "/home/fierra/ros2_ws/build/examples_rclcpp_cbg_executor/test_results/examples_rclcpp_cbg_executor/cpplint.xunit.xml" "--package-name" "examples_rclcpp_cbg_executor" "--output-file" "/home/fierra/ros2_ws/build/examples_rclcpp_cbg_executor/ament_cpplint/cpplint.txt" "--command" "/home/fierra/ros2_humble/install/ament_cpplint/bin/ament_cpplint" "--xunit-file" "/home/fierra/ros2_ws/build/examples_rclcpp_cbg_executor/test_results/examples_rclcpp_cbg_executor/cpplint.xunit.xml"
Directory: /home/fierra/ros2_ws/src/examples/rclcpp/executors/cbg_executor
"cpplint" start time: Nov 15 22:43 EST
Output:
----------------------------------------------------------
-- run_test.py: invoking following command in '/home/fierra/ros2_ws/src/examples/rclcpp/executors/cbg_executor':
 - /home/fierra/ros2_humble/install/ament_cpplint/bin/ament_cpplint --xunit-file /home/fierra/ros2_ws/build/examples_rclcpp_cbg_executor/test_results/examples_rclcpp_cbg_executor/cpplint.xunit.xml
Using '--root=/home/fierra/ros2_ws/src/examples/rclcpp/executors/cbg_executor/include' argument

Done processing /home/fierra/ros2_ws/src/examples/rclcpp/executors/cbg_executor/include/examples_rclcpp_cbg_executor/ping_node.hpp

Done processing /home/fierra/ros2_ws/src/examples/rclcpp/executors/cbg_executor/include/examples_rclcpp_cbg_executor/pong_node.hpp

Using '--root=/home/fierra/ros2_ws/src/examples/rclcpp/executors/cbg_executor/src' argument

Done processing /home/fierra/ros2_ws/src/examples/rclcpp/executors/cbg_executor/src/examples_rclcpp_cbg_executor/ping_node.cpp

Done processing /home/fierra/ros2_ws/src/examples/rclcpp/executors/cbg_executor/src/examples_rclcpp_cbg_executor/pong_node.cpp

Done processing /home/fierra/ros2_ws/src/examples/rclcpp/executors/cbg_executor/src/examples_rclcpp_cbg_executor/utilities.hpp

Done processing /home/fierra/ros2_ws/src/examples/rclcpp/executors/cbg_executor/src/ping.cpp

Done processing /home/fierra/ros2_ws/src/examples/rclcpp/executors/cbg_executor/src/ping_pong.cpp

Done processing /home/fierra/ros2_ws/src/examples/rclcpp/executors/cbg_executor/src/pong.cpp

No problems found
-- run_test.py: return code 0
-- run_test.py: verify result file '/home/fierra/ros2_ws/build/examples_rclcpp_cbg_executor/test_results/examples_rclcpp_cbg_executor/cpplint.xunit.xml'
<end of output>
Test time =   2.46 sec
----------------------------------------------------------
Test Passed.
"cpplint" end time: Nov 15 22:43 EST
"cpplint" time elapsed: 00:00:02
----------------------------------------------------------

4/6 Testing: lint_cmake
4/6 Test: lint_cmake
Command: "/usr/bin/python3.8" "-u" "/home/fierra/ros2_humble/install/ament_cmake_test/share/ament_cmake_test/cmake/run_test.py" "/home/fierra/ros2_ws/build/examples_rclcpp_cbg_executor/test_results/examples_rclcpp_cbg_executor/lint_cmake.xunit.xml" "--package-name" "examples_rclcpp_cbg_executor" "--output-file" "/home/fierra/ros2_ws/build/examples_rclcpp_cbg_executor/ament_lint_cmake/lint_cmake.txt" "--command" "/home/fierra/ros2_humble/install/ament_lint_cmake/bin/ament_lint_cmake" "--xunit-file" "/home/fierra/ros2_ws/build/examples_rclcpp_cbg_executor/test_results/examples_rclcpp_cbg_executor/lint_cmake.xunit.xml"
Directory: /home/fierra/ros2_ws/src/examples/rclcpp/executors/cbg_executor
"lint_cmake" start time: Nov 15 22:43 EST
Output:
----------------------------------------------------------
-- run_test.py: invoking following command in '/home/fierra/ros2_ws/src/examples/rclcpp/executors/cbg_executor':
 - /home/fierra/ros2_humble/install/ament_lint_cmake/bin/ament_lint_cmake --xunit-file /home/fierra/ros2_ws/build/examples_rclcpp_cbg_executor/test_results/examples_rclcpp_cbg_executor/lint_cmake.xunit.xml

No problems found
-- run_test.py: return code 0
-- run_test.py: verify result file '/home/fierra/ros2_ws/build/examples_rclcpp_cbg_executor/test_results/examples_rclcpp_cbg_executor/lint_cmake.xunit.xml'
<end of output>
Test time =   1.56 sec
----------------------------------------------------------
Test Passed.
"lint_cmake" end time: Nov 15 22:43 EST
"lint_cmake" time elapsed: 00:00:01
----------------------------------------------------------

5/6 Testing: uncrustify
5/6 Test: uncrustify
Command: "/usr/bin/python3.8" "-u" "/home/fierra/ros2_humble/install/ament_cmake_test/share/ament_cmake_test/cmake/run_test.py" "/home/fierra/ros2_ws/build/examples_rclcpp_cbg_executor/test_results/examples_rclcpp_cbg_executor/uncrustify.xunit.xml" "--package-name" "examples_rclcpp_cbg_executor" "--output-file" "/home/fierra/ros2_ws/build/examples_rclcpp_cbg_executor/ament_uncrustify/uncrustify.txt" "--command" "/home/fierra/ros2_humble/install/ament_uncrustify/bin/ament_uncrustify" "--xunit-file" "/home/fierra/ros2_ws/build/examples_rclcpp_cbg_executor/test_results/examples_rclcpp_cbg_executor/uncrustify.xunit.xml"
Directory: /home/fierra/ros2_ws/src/examples/rclcpp/executors/cbg_executor
"uncrustify" start time: Nov 15 22:43 EST
Output:
----------------------------------------------------------
-- run_test.py: invoking following command in '/home/fierra/ros2_ws/src/examples/rclcpp/executors/cbg_executor':
 - /home/fierra/ros2_humble/install/ament_uncrustify/bin/ament_uncrustify --xunit-file /home/fierra/ros2_ws/build/examples_rclcpp_cbg_executor/test_results/examples_rclcpp_cbg_executor/uncrustify.xunit.xml
No code style divergence in file 'include/examples_rclcpp_cbg_executor/ping_node.hpp'

No code style divergence in file 'include/examples_rclcpp_cbg_executor/pong_node.hpp'

No code style divergence in file 'src/examples_rclcpp_cbg_executor/ping_node.cpp'

No code style divergence in file 'src/examples_rclcpp_cbg_executor/pong_node.cpp'

No code style divergence in file 'src/examples_rclcpp_cbg_executor/utilities.hpp'

No code style divergence in file 'src/ping.cpp'

No code style divergence in file 'src/ping_pong.cpp'

No code style divergence in file 'src/pong.cpp'

No problems found
-- run_test.py: return code 0
-- run_test.py: verify result file '/home/fierra/ros2_ws/build/examples_rclcpp_cbg_executor/test_results/examples_rclcpp_cbg_executor/uncrustify.xunit.xml'
<end of output>
Test time =   1.86 sec
----------------------------------------------------------
Test Passed.
"uncrustify" end time: Nov 15 22:43 EST
"uncrustify" time elapsed: 00:00:01
----------------------------------------------------------

6/6 Testing: xmllint
6/6 Test: xmllint
Command: "/usr/bin/python3.8" "-u" "/home/fierra/ros2_humble/install/ament_cmake_test/share/ament_cmake_test/cmake/run_test.py" "/home/fierra/ros2_ws/build/examples_rclcpp_cbg_executor/test_results/examples_rclcpp_cbg_executor/xmllint.xunit.xml" "--package-name" "examples_rclcpp_cbg_executor" "--output-file" "/home/fierra/ros2_ws/build/examples_rclcpp_cbg_executor/ament_xmllint/xmllint.txt" "--command" "/home/fierra/ros2_humble/install/ament_xmllint/bin/ament_xmllint" "--xunit-file" "/home/fierra/ros2_ws/build/examples_rclcpp_cbg_executor/test_results/examples_rclcpp_cbg_executor/xmllint.xunit.xml"
Directory: /home/fierra/ros2_ws/src/examples/rclcpp/executors/cbg_executor
"xmllint" start time: Nov 15 22:43 EST
Output:
----------------------------------------------------------
-- run_test.py: invoking following command in '/home/fierra/ros2_ws/src/examples/rclcpp/executors/cbg_executor':
 - /home/fierra/ros2_humble/install/ament_xmllint/bin/ament_xmllint --xunit-file /home/fierra/ros2_ws/build/examples_rclcpp_cbg_executor/test_results/examples_rclcpp_cbg_executor/xmllint.xunit.xml
File 'package.xml' is valid

No problems found
-- run_test.py: return code 0
-- run_test.py: verify result file '/home/fierra/ros2_ws/build/examples_rclcpp_cbg_executor/test_results/examples_rclcpp_cbg_executor/xmllint.xunit.xml'
<end of output>
Test time =   2.05 sec
----------------------------------------------------------
Test Passed.
"xmllint" end time: Nov 15 22:43 EST
"xmllint" time elapsed: 00:00:02
----------------------------------------------------------

End testing: Nov 15 22:43 EST

copyright =   3.93 sec*proc

cppcheck =   1.67 sec*proc

cpplint =   2.46 sec*proc

lint_cmake =   1.56 sec*proc

linter =  13.53 sec*proc

uncrustify =   1.86 sec*proc

xmllint =   2.05 sec*proc

