<?xml version="1.0" encoding="utf-8"?><testsuites><testsuite errors="0" failures="0" hostname="fierra" name="pytest" skipped="0" tests="3" time="5.117" timestamp="2022-11-15T22:43:51.359241"><testcase classname="examples_rclpy_guard_conditions.guard_conditions.test.test_copyright" name="test_copyright" time="1.552"><system-out>No problems found, checked 5 files
</system-out></testcase><testcase classname="examples_rclpy_guard_conditions.guard_conditions.test.test_flake8" name="test_flake8" time="0.554"><system-out>
6 files checked
No problems found

Checked files:

* ./setup.py
* ./test/test_pep257.py
* ./test/test_flake8.py
* ./test/test_copyright.py
* ./examples_rclpy_guard_conditions/__init__.py
* ./examples_rclpy_guard_conditions/trigger_guard_condition.py
</system-out><system-err>Plugin requested optional parameter &quot;builtins&quot; but this is not an available parameter.
Plugin requested optional parameter &quot;builtins&quot; but this is not an available parameter.
Plugin requested optional parameter &quot;builtins&quot; but this is not an available parameter.
Plugin requested optional parameter &quot;builtins&quot; but this is not an available parameter.
Plugin requested optional parameter &quot;builtins&quot; but this is not an available parameter.
Plugin requested optional parameter &quot;builtins&quot; but this is not an available parameter.
</system-err></testcase><testcase classname="examples_rclpy_guard_conditions.guard_conditions.test.test_pep257" name="test_pep257" time="0.065"><system-out>checking ./examples_rclpy_guard_conditions/__init__.py
checking ./examples_rclpy_guard_conditions/trigger_guard_condition.py
checking ./setup.py
checking ./test/test_copyright.py
checking ./test/test_flake8.py
checking ./test/test_pep257.py
checking test/test_copyright.py
checking test/test_flake8.py
checking test/test_pep257.py
No problems found
</system-out></testcase></testsuite></testsuites>