[  4%] Built target gtest
[  9%] Built target gtest_main
[ 11%] Built target beginner_tutorials__cpp
[ 18%] Built target beginner_tutorials__rosidl_generator_c
[ 18%] Built target ament_cmake_python_copy_beginner_tutorials
[ 25%] Built target beginner_tutorials__rosidl_typesupport_cpp
[ 27%] [32mBuilding CXX object CMakeFiles/beginner_tutorials_test.dir/test/basic_test.cpp.o[0m
[ 34%] Built target beginner_tutorials__rosidl_typesupport_introspection_cpp
[ 41%] Built target beginner_tutorials__rosidl_typesupport_fastrtps_c
[ 48%] Built target beginner_tutorials__rosidl_typesupport_fastrtps_cpp
[ 55%] Built target beginner_tutorials__rosidl_typesupport_c
[ 62%] Built target beginner_tutorials__rosidl_typesupport_introspection_c
[ 62%] Built target beginner_tutorials
[ 67%] Built target talker
[ 69%] Built target beginner_tutorials__py
[ 74%] Built target listener
[ 79%] Built target client
[ 83%] Built target beginner_tutorials__rosidl_generator_py
[ 88%] Built target beginner_tutorials__rosidl_typesupport_introspection_c__pyext
[ 93%] Built target beginner_tutorials__rosidl_typesupport_fastrtps_c__pyext
[ 97%] Built target beginner_tutorials__rosidl_typesupport_c__pyext
[01m[K/home/fierra/beginner_tutuorial/src/beginner_tutorials/test/basic_test.cpp:50:10:[m[K [01;31m[Kfatal error: [m[Kstd_msgs/msg/string.hpp: No such file or directory
   50 | #include [01;31m[K"std_msgs/msg/string.hpp"[m[K
      |          [01;31m[K^~~~~~~~~~~~~~~~~~~~~~~~~[m[K
compilation terminated.
make[2]: *** [CMakeFiles/beginner_tutorials_test.dir/build.make:63: CMakeFiles/beginner_tutorials_test.dir/test/basic_test.cpp.o] Error 1
make[1]: *** [CMakeFiles/Makefile2:390: CMakeFiles/beginner_tutorials_test.dir/all] Error 2
make[1]: *** Waiting for unfinished jobs....
running egg_info
writing beginner_tutorials.egg-info/PKG-INFO
writing dependency_links to beginner_tutorials.egg-info/dependency_links.txt
writing top-level names to beginner_tutorials.egg-info/top_level.txt
reading manifest file 'beginner_tutorials.egg-info/SOURCES.txt'
writing manifest file 'beginner_tutorials.egg-info/SOURCES.txt'
[ 97%] Built target ament_cmake_python_build_beginner_tutorials_egg
make: *** [Makefile:141: all] Error 2
