<?xml version="1.0" encoding="utf-8"?><testsuites><testsuite errors="0" failures="0" hostname="fierra" name="pytest" skipped="0" tests="9" time="33.199" timestamp="2022-11-15T22:44:02.067827"><testcase classname="launch_testing_examples.launch_testing_examples.check_msgs_launch_test" file="launch_testing_examples/check_msgs_launch_test.py" line="0" name="launch_testing_examples.check_msgs_launch_test" time="3.985"><system-out>[INFO] [launch]: All log files can be found below /home/fierra/.ros/log/2022-11-15-22-44-06-685152-fierra-28401
[INFO] [launch]: Default logging verbosity is set to INFO
[INFO] [talker-1]: process started with pid [28449]
[talker-1] [INFO] [1668570249.527565240] [demo_node_1]: Publishing: &apos;Hello World: 1&apos;
Topic received messages !
[talker-1] [INFO] [1668570250.527532665] [demo_node_1]: Publishing: &apos;Hello World: 2&apos;
[INFO] [talker-1]: sending signal &apos;SIGINT&apos; to process[talker-1]
[talker-1] [INFO] [1668570250.547634783] [rclcpp]: signal_handler(signum=2)
[INFO] [talker-1]: process has finished cleanly [pid 28449]
</system-out><system-err>test_check_if_msgs_published (launch_testing_examples.check_msgs_launch_test.TestFixture) ... ok

----------------------------------------------------------------------
Ran 1 test in 3.241s

OK

----------------------------------------------------------------------
Ran 0 tests in 0.000s

OK
</system-err></testcase><testcase classname="launch_testing_examples.launch_testing_examples.check_multiple_nodes_launch_test" file="launch_testing_examples/check_multiple_nodes_launch_test.py" line="0" name="launch_testing_examples.check_multiple_nodes_launch_test" time="13.894"><system-out>[INFO] [launch]: All log files can be found below /home/fierra/.ros/log/2022-11-15-22-44-06-685152-fierra-28401
[INFO] [launch]: Default logging verbosity is set to INFO
Waiting for nodes
[INFO] [talker-2]: process started with pid [28473]
[INFO] [talker-3]: process started with pid [28475]
[INFO] [talker-4]: process started with pid [28485]
Waiting for nodes
[talker-3] [INFO] [1668570252.198813263] [demo_node_1]: Publishing: &apos;Hello World: 1&apos;
[talker-2] [INFO] [1668570252.201214771] [demo_node_0]: Publishing: &apos;Hello World: 1&apos;
[talker-4] [INFO] [1668570252.206555639] [demo_node_2]: Publishing: &apos;Hello World: 1&apos;
[talker-3] [INFO] [1668570253.198922673] [demo_node_1]: Publishing: &apos;Hello World: 2&apos;
[talker-2] [INFO] [1668570253.201318034] [demo_node_0]: Publishing: &apos;Hello World: 2&apos;
[talker-4] [INFO] [1668570253.206669052] [demo_node_2]: Publishing: &apos;Hello World: 2&apos;
Waiting for nodes
Waiting for nodes
[talker-3] [INFO] [1668570254.198931507] [demo_node_1]: Publishing: &apos;Hello World: 3&apos;
[talker-2] [INFO] [1668570254.201331591] [demo_node_0]: Publishing: &apos;Hello World: 3&apos;
[talker-4] [INFO] [1668570254.206629295] [demo_node_2]: Publishing: &apos;Hello World: 3&apos;
All nodes were found !
[INFO] [talker-4]: sending signal &apos;SIGINT&apos; to process[talker-4]
[INFO] [talker-3]: sending signal &apos;SIGINT&apos; to process[talker-3]
[INFO] [talker-2]: sending signal &apos;SIGINT&apos; to process[talker-2]
[talker-4] [INFO] [1668570254.553369291] [rclcpp]: signal_handler(signum=2)
[talker-3] [INFO] [1668570254.554071939] [rclcpp]: signal_handler(signum=2)
[talker-2] [INFO] [1668570254.554939459] [rclcpp]: signal_handler(signum=2)
[INFO] [talker-4]: process has finished cleanly [pid 28485]
[INFO] [talker-3]: process has finished cleanly [pid 28475]
[ERROR] [talker-2]: process[talker-2] failed to terminate &apos;5&apos; seconds after receiving &apos;SIGINT&apos;, escalating to &apos;SIGTERM&apos;
[INFO] [talker-2]: sending signal &apos;SIGTERM&apos; to process[talker-2]
[talker-2] [INFO] [1668570259.559911914] [rclcpp]: signal_handler(signum=15)
[ERROR] [talker-2]: process[talker-2] failed to terminate &apos;10.0&apos; seconds after receiving &apos;SIGTERM&apos;, escalating to &apos;SIGKILL&apos;
[INFO] [talker-2]: sending signal &apos;SIGKILL&apos; to process[talker-2]
[ERROR] [talker-2]: process has died [pid 28473, exit code -9, cmd &apos;/home/fierra/ros2_humble/install/demo_nodes_cpp/lib/demo_nodes_cpp/talker --ros-args -r __node:=demo_node_0&apos;].
</system-out><system-err>test_node_does_not_exist (launch_testing_examples.check_multiple_nodes_launch_test.CheckMultipleNodesLaunched)
Insert a invalid node name that should not exist. ... ok
test_nodes_successful (launch_testing_examples.check_multiple_nodes_launch_test.CheckMultipleNodesLaunched)
Check if all the nodes were launched correctly. ... ok

----------------------------------------------------------------------
Ran 2 tests in 3.738s

OK

----------------------------------------------------------------------
Ran 0 tests in 0.000s

OK
</system-err></testcase><testcase classname="launch_testing_examples.launch_testing_examples.check_node_launch_test" file="launch_testing_examples/check_node_launch_test.py" line="0" name="launch_testing_examples.check_node_launch_test" time="5.424"><system-out>[INFO] [launch]: All log files can be found below /home/fierra/.ros/log/2022-11-15-22-44-06-685152-fierra-28401
[INFO] [launch]: Default logging verbosity is set to INFO
Waiting for node...
[INFO] [talker-5]: process started with pid [28553]
[INFO] [talker-5]: sending signal &apos;SIGINT&apos; to process[talker-5]
[talker-5] [INFO] [1668570269.870913665] [rclcpp]: signal_handler(signum=2)
[INFO] [talker-5]: process has finished cleanly [pid 28553]
</system-out><system-err>test_node_start (launch_testing_examples.check_node_launch_test.TestFixture) ... ok

----------------------------------------------------------------------
Ran 1 test in 5.236s

OK

----------------------------------------------------------------------
Ran 0 tests in 0.000s

OK
</system-err></testcase><testcase classname="launch_testing_examples.launch_testing_examples.hello_world_launch_test" file="launch_testing_examples/hello_world_launch_test.py" line="0" name="launch_testing_examples.hello_world_launch_test" time="0.019"><system-out>[INFO] [launch]: All log files can be found below /home/fierra/.ros/log/2022-11-15-22-44-06-685152-fierra-28401
[INFO] [launch]: Default logging verbosity is set to INFO
[INFO] [echo-6]: process started with pid [28566]
[INFO] [echo-6]: process has finished cleanly [pid 28566]
</system-out><system-err>test_read_stdout (launch_testing_examples.hello_world_launch_test.TestHelloWorldProcess)
Check if &apos;hello_world&apos; was found in the stdout. ... ok

----------------------------------------------------------------------
Ran 1 test in 0.009s

OK
test_exit_codes (launch_testing_examples.hello_world_launch_test.TestHelloWorldShutdown)
Check if the processes exited normally. ... ok

----------------------------------------------------------------------
Ran 1 test in 0.000s

OK
</system-err></testcase><testcase classname="launch_testing_examples.launch_testing_examples.record_rosbag_launch_test" file="launch_testing_examples/record_rosbag_launch_test.py" line="0" name="launch_testing_examples.record_rosbag_launch_test" time="3.326"><system-out>[INFO] [launch]: All log files can be found below /home/fierra/.ros/log/2022-11-15-22-44-06-685152-fierra-28401
[INFO] [launch]: Default logging verbosity is set to INFO
[INFO] [talker-7]: process started with pid [28569]
[INFO] [ros2-8]: process started with pid [28571]
[talker-7] [INFO] [1668570271.119011657] [demo_node]: Publishing: &apos;Hello World: 1&apos;
[ros2-8] stdin is not a terminal device. Keyboard handling disabled.[INFO] [1668570271.532508514] [rosbag2_recorder]: Press SPACE for pausing/resuming
[ros2-8] [INFO] [1668570271.554214076] [rosbag2_storage]: Opened database &apos;/tmp/tmp8t0fhnu0/test_bag/test_bag_0.db3&apos; for READ_WRITE.
[ros2-8] [INFO] [1668570271.554440672] [rosbag2_recorder]: Event publisher thread: Starting
[ros2-8] [INFO] [1668570271.592391468] [rosbag2_recorder]: Listening for topics...
[ros2-8] [INFO] [1668570271.637594711] [rosbag2_recorder]: Subscribed to topic &apos;/rosout&apos;
[ros2-8] [INFO] [1668570271.642751906] [rosbag2_recorder]: Subscribed to topic &apos;/parameter_events&apos;
[ros2-8] [INFO] [1668570271.646689311] [rosbag2_recorder]: Subscribed to topic &apos;/events/write_split&apos;
[ros2-8] [INFO] [1668570271.650764047] [rosbag2_recorder]: Subscribed to topic &apos;/chatter&apos;
[talker-7] [INFO] [1668570272.118939646] [demo_node]: Publishing: &apos;Hello World: 2&apos;
[INFO] [ros2-8]: sending signal &apos;SIGINT&apos; to process[ros2-8]
[INFO] [talker-7]: sending signal &apos;SIGINT&apos; to process[talker-7]
[ros2-8] [INFO] [1668570273.091152597] [rclcpp]: signal_handler(signum=2)
[talker-7] [INFO] [1668570273.092800906] [rclcpp]: signal_handler(signum=2)
[ros2-8] [INFO] [1668570273.157021610] [rosbag2_recorder]: Event publisher thread: Exiting
[ros2-8] [INFO] [1668570273.157597700] [rosbag2_cpp]: Writing remaining messages from cache to the bag. It may take a while
[INFO] [talker-7]: process has finished cleanly [pid 28569]
[INFO] [ros2-8]: process has finished cleanly [pid 28571]
The following topics received messages:
/chatter recieved  1  messages
/events/write_split recieved  0  messages
/parameter_events recieved  0  messages
/rosout recieved  9  messages
Deleting  /tmp/tmp8t0fhnu0/test_bag
</system-out><system-err>test_delay (launch_testing_examples.record_rosbag_launch_test.DelayShutdown)
Delay the shutdown of processes so that rosbag can record some messages. ... ok

----------------------------------------------------------------------
Ran 1 test in 3.004s

OK
test_rosbag_record (launch_testing_examples.record_rosbag_launch_test.TestFixtureAfterShutdown)
Check if the rosbag2 recording was successful. ... ok

----------------------------------------------------------------------
Ran 1 test in 0.023s

OK
</system-err></testcase><testcase classname="launch_testing_examples.launch_testing_examples.set_param_launch_test" file="launch_testing_examples/set_param_launch_test.py" line="0" name="launch_testing_examples.set_param_launch_test" time="0.642"><system-out>[INFO] [launch]: All log files can be found below /home/fierra/.ros/log/2022-11-15-22-44-06-685152-fierra-28401
[INFO] [launch]: Default logging verbosity is set to INFO
[INFO] [parameter_blackboard-9]: process started with pid [28597]
[parameter_blackboard-9] [INFO] [1668570273.781137521] [demo_node_1]: Parameter blackboard node named &apos;/demo_node_1&apos; ready, and serving &apos;5&apos; parameters already!
[INFO] [parameter_blackboard-9]: sending signal &apos;SIGINT&apos; to process[parameter_blackboard-9]
[parameter_blackboard-9] [INFO] [1668570273.865801290] [rclcpp]: signal_handler(signum=2)
[INFO] [parameter_blackboard-9]: process has finished cleanly [pid 28597]
</system-out><system-err>test_set_parameter (launch_testing_examples.set_param_launch_test.TestFixture) ... ok

----------------------------------------------------------------------
Ran 1 test in 0.303s

OK

----------------------------------------------------------------------
Ran 0 tests in 0.000s

OK
</system-err></testcase><testcase classname="launch_testing_examples.test.test_copyright" file="test/test_copyright.py" line="18" name="test_copyright" time="0.943"><system-out>No problems found, checked 10 files
</system-out></testcase><testcase classname="launch_testing_examples.test.test_flake8" file="test/test_flake8.py" line="18" name="test_flake8" time="0.271"><system-out>
11 files checked
No problems found

Checked files:

* ./setup.py
* ./test/test_pep257.py
* ./test/test_flake8.py
* ./test/test_copyright.py
* ./launch_testing_examples/check_multiple_nodes_launch_test.py
* ./launch_testing_examples/__init__.py
* ./launch_testing_examples/set_param_launch_test.py
* ./launch_testing_examples/record_rosbag_launch_test.py
* ./launch_testing_examples/check_msgs_launch_test.py
* ./launch_testing_examples/hello_world_launch_test.py
* ./launch_testing_examples/check_node_launch_test.py
</system-out><system-err>Plugin requested optional parameter &quot;builtins&quot; but this is not an available parameter.
Plugin requested optional parameter &quot;builtins&quot; but this is not an available parameter.
Plugin requested optional parameter &quot;builtins&quot; but this is not an available parameter.
Plugin requested optional parameter &quot;builtins&quot; but this is not an available parameter.
Plugin requested optional parameter &quot;builtins&quot; but this is not an available parameter.
Plugin requested optional parameter &quot;builtins&quot; but this is not an available parameter.
Plugin requested optional parameter &quot;builtins&quot; but this is not an available parameter.
Plugin requested optional parameter &quot;builtins&quot; but this is not an available parameter.
Plugin requested optional parameter &quot;builtins&quot; but this is not an available parameter.
Plugin requested optional parameter &quot;builtins&quot; but this is not an available parameter.
Plugin requested optional parameter &quot;builtins&quot; but this is not an available parameter.
</system-err></testcase><testcase classname="launch_testing_examples.test.test_pep257" file="test/test_pep257.py" line="18" name="test_pep257" time="0.058"><system-out>checking ./launch_testing_examples/__init__.py
checking ./launch_testing_examples/check_msgs_launch_test.py
checking ./launch_testing_examples/check_multiple_nodes_launch_test.py
checking ./launch_testing_examples/check_node_launch_test.py
checking ./launch_testing_examples/hello_world_launch_test.py
checking ./launch_testing_examples/record_rosbag_launch_test.py
checking ./launch_testing_examples/set_param_launch_test.py
checking ./setup.py
checking ./test/test_copyright.py
checking ./test/test_flake8.py
checking ./test/test_pep257.py
checking test/test_copyright.py
checking test/test_flake8.py
checking test/test_pep257.py
No problems found
</system-out></testcase></testsuite></testsuites>