<?xml version="1.0" encoding="UTF-8"?>
<Site BuildName="(empty)"
	BuildStamp="20221209-2203-Experimental"
	Name="fierra"
	Generator="ctest-3.16.3"
	CompilerName="/usr/bin/c++"
	CompilerVersion="9.4.0"
	OSName="Linux"
	Hostname="fierra"
	OSRelease="5.15.0-56-generic"
	OSVersion="#62~20.04.1-Ubuntu SMP Tue Nov 22 21:24:20 UTC 2022"
	OSPlatform="x86_64"
	Is64Bits="1"
	VendorString="GenuineIntel"
	VendorID="Intel Corporation"
	FamilyID="6"
	ModelID="158"
	ProcessorCacheSize="6144"
	NumberOfLogicalCPU="8"
	NumberOfPhysicalCPU="4"
	TotalVirtualMemory="23354"
	TotalPhysicalMemory="15736"
	LogicalProcessorsPerPhysical="2"
	ProcessorClockFrequency="3399.99"
	>
	<Testing>
		<StartDateTime>Dec 09 17:03 EST</StartDateTime>
		<StartTestTime>1670623424</StartTestTime>
		<TestList>
			<Test>./cppcheck</Test>
			<Test>./lint_cmake</Test>
			<Test>./pep257</Test>
			<Test>./uncrustify</Test>
			<Test>./xmllint</Test>
		</TestList>
		<Test Status="passed">
			<Name>cppcheck</Name>
			<Path>.</Path>
			<FullName>./cppcheck</FullName>
			<FullCommandLine>/usr/bin/python3.8 "-u" "/home/fierra/ros2_humble/install/ament_cmake_test/share/ament_cmake_test/cmake/run_test.py" "/home/fierra/beginner_tutuorial/build/cpp_pubsub/test_results/cpp_pubsub/cppcheck.xunit.xml" "--package-name" "cpp_pubsub" "--output-file" "/home/fierra/beginner_tutuorial/build/cpp_pubsub/ament_cppcheck/cppcheck.txt" "--command" "/home/fierra/ros2_humble/install/ament_cppcheck/bin/ament_cppcheck" "--xunit-file" "/home/fierra/beginner_tutuorial/build/cpp_pubsub/test_results/cpp_pubsub/cppcheck.xunit.xml" "--include_dirs" "/home/fierra/beginner_tutuorial/src/cpp_pubsub/include"</FullCommandLine>
			<Results>
				<NamedMeasurement type="numeric/double" name="Execution Time">
					<Value>1.48028</Value>
				</NamedMeasurement>
				<NamedMeasurement type="numeric/double" name="Processors">
					<Value>1</Value>
				</NamedMeasurement>
				<NamedMeasurement type="text/string" name="Completion Status">
					<Value>Completed</Value>
				</NamedMeasurement>
				<NamedMeasurement type="text/string" name="Command Line">
					<Value>/usr/bin/python3.8 "-u" "/home/fierra/ros2_humble/install/ament_cmake_test/share/ament_cmake_test/cmake/run_test.py" "/home/fierra/beginner_tutuorial/build/cpp_pubsub/test_results/cpp_pubsub/cppcheck.xunit.xml" "--package-name" "cpp_pubsub" "--output-file" "/home/fierra/beginner_tutuorial/build/cpp_pubsub/ament_cppcheck/cppcheck.txt" "--command" "/home/fierra/ros2_humble/install/ament_cppcheck/bin/ament_cppcheck" "--xunit-file" "/home/fierra/beginner_tutuorial/build/cpp_pubsub/test_results/cpp_pubsub/cppcheck.xunit.xml" "--include_dirs" "/home/fierra/beginner_tutuorial/src/cpp_pubsub/include"</Value>
				</NamedMeasurement>
				<Measurement>
					<Value>-- run_test.py: invoking following command in '/home/fierra/beginner_tutuorial/src/cpp_pubsub':
 - /home/fierra/ros2_humble/install/ament_cppcheck/bin/ament_cppcheck --xunit-file /home/fierra/beginner_tutuorial/build/cpp_pubsub/test_results/cpp_pubsub/cppcheck.xunit.xml --include_dirs /home/fierra/beginner_tutuorial/src/cpp_pubsub/include
No problems found
-- run_test.py: return code 0
-- run_test.py: verify result file '/home/fierra/beginner_tutuorial/build/cpp_pubsub/test_results/cpp_pubsub/cppcheck.xunit.xml'
</Value>
				</Measurement>
			</Results>
			<Labels>
				<Label>cppcheck</Label>
				<Label>linter</Label>
			</Labels>
		</Test>
		<Test Status="passed">
			<Name>lint_cmake</Name>
			<Path>.</Path>
			<FullName>./lint_cmake</FullName>
			<FullCommandLine>/usr/bin/python3.8 "-u" "/home/fierra/ros2_humble/install/ament_cmake_test/share/ament_cmake_test/cmake/run_test.py" "/home/fierra/beginner_tutuorial/build/cpp_pubsub/test_results/cpp_pubsub/lint_cmake.xunit.xml" "--package-name" "cpp_pubsub" "--output-file" "/home/fierra/beginner_tutuorial/build/cpp_pubsub/ament_lint_cmake/lint_cmake.txt" "--command" "/home/fierra/ros2_humble/install/ament_lint_cmake/bin/ament_lint_cmake" "--xunit-file" "/home/fierra/beginner_tutuorial/build/cpp_pubsub/test_results/cpp_pubsub/lint_cmake.xunit.xml"</FullCommandLine>
			<Results>
				<NamedMeasurement type="numeric/double" name="Execution Time">
					<Value>0.939289</Value>
				</NamedMeasurement>
				<NamedMeasurement type="numeric/double" name="Processors">
					<Value>1</Value>
				</NamedMeasurement>
				<NamedMeasurement type="text/string" name="Completion Status">
					<Value>Completed</Value>
				</NamedMeasurement>
				<NamedMeasurement type="text/string" name="Command Line">
					<Value>/usr/bin/python3.8 "-u" "/home/fierra/ros2_humble/install/ament_cmake_test/share/ament_cmake_test/cmake/run_test.py" "/home/fierra/beginner_tutuorial/build/cpp_pubsub/test_results/cpp_pubsub/lint_cmake.xunit.xml" "--package-name" "cpp_pubsub" "--output-file" "/home/fierra/beginner_tutuorial/build/cpp_pubsub/ament_lint_cmake/lint_cmake.txt" "--command" "/home/fierra/ros2_humble/install/ament_lint_cmake/bin/ament_lint_cmake" "--xunit-file" "/home/fierra/beginner_tutuorial/build/cpp_pubsub/test_results/cpp_pubsub/lint_cmake.xunit.xml"</Value>
				</NamedMeasurement>
				<Measurement>
					<Value>-- run_test.py: invoking following command in '/home/fierra/beginner_tutuorial/src/cpp_pubsub':
 - /home/fierra/ros2_humble/install/ament_lint_cmake/bin/ament_lint_cmake --xunit-file /home/fierra/beginner_tutuorial/build/cpp_pubsub/test_results/cpp_pubsub/lint_cmake.xunit.xml

No problems found
-- run_test.py: return code 0
-- run_test.py: verify result file '/home/fierra/beginner_tutuorial/build/cpp_pubsub/test_results/cpp_pubsub/lint_cmake.xunit.xml'
</Value>
				</Measurement>
			</Results>
			<Labels>
				<Label>lint_cmake</Label>
				<Label>linter</Label>
			</Labels>
		</Test>
		<Test Status="passed">
			<Name>pep257</Name>
			<Path>.</Path>
			<FullName>./pep257</FullName>
			<FullCommandLine>/usr/bin/python3.8 "-u" "/home/fierra/ros2_humble/install/ament_cmake_test/share/ament_cmake_test/cmake/run_test.py" "/home/fierra/beginner_tutuorial/build/cpp_pubsub/test_results/cpp_pubsub/pep257.xunit.xml" "--package-name" "cpp_pubsub" "--output-file" "/home/fierra/beginner_tutuorial/build/cpp_pubsub/ament_pep257/pep257.txt" "--command" "/home/fierra/ros2_humble/install/ament_pep257/bin/ament_pep257" "--xunit-file" "/home/fierra/beginner_tutuorial/build/cpp_pubsub/test_results/cpp_pubsub/pep257.xunit.xml"</FullCommandLine>
			<Results>
				<NamedMeasurement type="numeric/double" name="Execution Time">
					<Value>0.991405</Value>
				</NamedMeasurement>
				<NamedMeasurement type="numeric/double" name="Processors">
					<Value>1</Value>
				</NamedMeasurement>
				<NamedMeasurement type="text/string" name="Completion Status">
					<Value>Completed</Value>
				</NamedMeasurement>
				<NamedMeasurement type="text/string" name="Command Line">
					<Value>/usr/bin/python3.8 "-u" "/home/fierra/ros2_humble/install/ament_cmake_test/share/ament_cmake_test/cmake/run_test.py" "/home/fierra/beginner_tutuorial/build/cpp_pubsub/test_results/cpp_pubsub/pep257.xunit.xml" "--package-name" "cpp_pubsub" "--output-file" "/home/fierra/beginner_tutuorial/build/cpp_pubsub/ament_pep257/pep257.txt" "--command" "/home/fierra/ros2_humble/install/ament_pep257/bin/ament_pep257" "--xunit-file" "/home/fierra/beginner_tutuorial/build/cpp_pubsub/test_results/cpp_pubsub/pep257.xunit.xml"</Value>
				</NamedMeasurement>
				<Measurement>
					<Value>-- run_test.py: invoking following command in '/home/fierra/beginner_tutuorial/src/cpp_pubsub':
 - /home/fierra/ros2_humble/install/ament_pep257/bin/ament_pep257 --xunit-file /home/fierra/beginner_tutuorial/build/cpp_pubsub/test_results/cpp_pubsub/pep257.xunit.xml
checking ./launch/run_test.launch.py
No problems found
-- run_test.py: return code 0
-- run_test.py: verify result file '/home/fierra/beginner_tutuorial/build/cpp_pubsub/test_results/cpp_pubsub/pep257.xunit.xml'
</Value>
				</Measurement>
			</Results>
			<Labels>
				<Label>linter</Label>
				<Label>pep257</Label>
			</Labels>
		</Test>
		<Test Status="failed">
			<Name>uncrustify</Name>
			<Path>.</Path>
			<FullName>./uncrustify</FullName>
			<FullCommandLine>/usr/bin/python3.8 "-u" "/home/fierra/ros2_humble/install/ament_cmake_test/share/ament_cmake_test/cmake/run_test.py" "/home/fierra/beginner_tutuorial/build/cpp_pubsub/test_results/cpp_pubsub/uncrustify.xunit.xml" "--package-name" "cpp_pubsub" "--output-file" "/home/fierra/beginner_tutuorial/build/cpp_pubsub/ament_uncrustify/uncrustify.txt" "--command" "/home/fierra/ros2_humble/install/ament_uncrustify/bin/ament_uncrustify" "--xunit-file" "/home/fierra/beginner_tutuorial/build/cpp_pubsub/test_results/cpp_pubsub/uncrustify.xunit.xml"</FullCommandLine>
			<Results>
				<NamedMeasurement type="text/string" name="Exit Code">
					<Value>Failed</Value>
				</NamedMeasurement>
				<NamedMeasurement type="text/string" name="Exit Value">
					<Value>1</Value>
				</NamedMeasurement>
				<NamedMeasurement type="numeric/double" name="Execution Time">
					<Value>0.959029</Value>
				</NamedMeasurement>
				<NamedMeasurement type="numeric/double" name="Processors">
					<Value>1</Value>
				</NamedMeasurement>
				<NamedMeasurement type="text/string" name="Completion Status">
					<Value>Completed</Value>
				</NamedMeasurement>
				<NamedMeasurement type="text/string" name="Command Line">
					<Value>/usr/bin/python3.8 "-u" "/home/fierra/ros2_humble/install/ament_cmake_test/share/ament_cmake_test/cmake/run_test.py" "/home/fierra/beginner_tutuorial/build/cpp_pubsub/test_results/cpp_pubsub/uncrustify.xunit.xml" "--package-name" "cpp_pubsub" "--output-file" "/home/fierra/beginner_tutuorial/build/cpp_pubsub/ament_uncrustify/uncrustify.txt" "--command" "/home/fierra/ros2_humble/install/ament_uncrustify/bin/ament_uncrustify" "--xunit-file" "/home/fierra/beginner_tutuorial/build/cpp_pubsub/test_results/cpp_pubsub/uncrustify.xunit.xml"</Value>
				</NamedMeasurement>
				<Measurement>
					<Value>-- run_test.py: invoking following command in '/home/fierra/beginner_tutuorial/src/cpp_pubsub':
 - /home/fierra/ros2_humble/install/ament_uncrustify/bin/ament_uncrustify --xunit-file /home/fierra/beginner_tutuorial/build/cpp_pubsub/test_results/cpp_pubsub/uncrustify.xunit.xml
Code style divergence in file 'src/my_dummy_lib_funct1.cpp':

--- src/my_dummy_lib_funct1.cpp
+++ src/my_dummy_lib_funct1.cpp.uncrustify
@@ -1 +0,0 @@
-

Code style divergence in file 'src/publisher_member_function.cpp':

--- src/publisher_member_function.cpp
+++ src/publisher_member_function.cpp.uncrustify
@@ -1 +0,0 @@
-
@@ -40 +39 @@
-  MinimalPublisher() 
+  MinimalPublisher()
@@ -77 +76 @@
-int main(int argc, char *argv[]) 
+int main(int argc, char * argv[])

Code style divergence in file 'src/subscriber_member_function.cpp':

--- src/subscriber_member_function.cpp
+++ src/subscriber_member_function.cpp.uncrustify
@@ -1 +0,0 @@
-
@@ -23,3 +22,6 @@
-class MinimalSubscriber : public rclcpp::Node {
- public:
-  MinimalSubscriber() : Node("minimal_subscriber"), count_(0) {
+class MinimalSubscriber : public rclcpp::Node
+{
+public:
+  MinimalSubscriber()
+  : Node("minimal_subscriber"), count_(0)
+  {
@@ -31,2 +33,3 @@
- private:
-  void topic_callback(const std_msgs::msg::String&amp; msg) {
+private:
+  void topic_callback(const std_msgs::msg::String &amp; msg)
+  {
@@ -36 +39 @@
-    if (++count_ &gt;= 3) exit(EXIT_SUCCESS);
+    if (++count_ &gt;= 3) {exit(EXIT_SUCCESS);}
@@ -43 +46,2 @@
-int main(int argc, char* argv[]) {
+int main(int argc, char * argv[])
+{

3 files with code style divergence
No code style divergence in file 'include/my_dummy_lib_funct1.hpp'

No code style divergence in file 'include/my_dummy_lib_funct2.hpp'

No code style divergence in file 'src/my_dummy_lib_funct2.cpp'

-- run_test.py: return code 1
-- run_test.py: verify result file '/home/fierra/beginner_tutuorial/build/cpp_pubsub/test_results/cpp_pubsub/uncrustify.xunit.xml'
</Value>
				</Measurement>
			</Results>
			<Labels>
				<Label>linter</Label>
				<Label>uncrustify</Label>
			</Labels>
		</Test>
		<Test Status="passed">
			<Name>xmllint</Name>
			<Path>.</Path>
			<FullName>./xmllint</FullName>
			<FullCommandLine>/usr/bin/python3.8 "-u" "/home/fierra/ros2_humble/install/ament_cmake_test/share/ament_cmake_test/cmake/run_test.py" "/home/fierra/beginner_tutuorial/build/cpp_pubsub/test_results/cpp_pubsub/xmllint.xunit.xml" "--package-name" "cpp_pubsub" "--output-file" "/home/fierra/beginner_tutuorial/build/cpp_pubsub/ament_xmllint/xmllint.txt" "--command" "/home/fierra/ros2_humble/install/ament_xmllint/bin/ament_xmllint" "--xunit-file" "/home/fierra/beginner_tutuorial/build/cpp_pubsub/test_results/cpp_pubsub/xmllint.xunit.xml"</FullCommandLine>
			<Results>
				<NamedMeasurement type="numeric/double" name="Execution Time">
					<Value>1.25117</Value>
				</NamedMeasurement>
				<NamedMeasurement type="numeric/double" name="Processors">
					<Value>1</Value>
				</NamedMeasurement>
				<NamedMeasurement type="text/string" name="Completion Status">
					<Value>Completed</Value>
				</NamedMeasurement>
				<NamedMeasurement type="text/string" name="Command Line">
					<Value>/usr/bin/python3.8 "-u" "/home/fierra/ros2_humble/install/ament_cmake_test/share/ament_cmake_test/cmake/run_test.py" "/home/fierra/beginner_tutuorial/build/cpp_pubsub/test_results/cpp_pubsub/xmllint.xunit.xml" "--package-name" "cpp_pubsub" "--output-file" "/home/fierra/beginner_tutuorial/build/cpp_pubsub/ament_xmllint/xmllint.txt" "--command" "/home/fierra/ros2_humble/install/ament_xmllint/bin/ament_xmllint" "--xunit-file" "/home/fierra/beginner_tutuorial/build/cpp_pubsub/test_results/cpp_pubsub/xmllint.xunit.xml"</Value>
				</NamedMeasurement>
				<Measurement>
					<Value>-- run_test.py: invoking following command in '/home/fierra/beginner_tutuorial/src/cpp_pubsub':
 - /home/fierra/ros2_humble/install/ament_xmllint/bin/ament_xmllint --xunit-file /home/fierra/beginner_tutuorial/build/cpp_pubsub/test_results/cpp_pubsub/xmllint.xunit.xml
File 'package.xml' is valid

No problems found
-- run_test.py: return code 0
-- run_test.py: verify result file '/home/fierra/beginner_tutuorial/build/cpp_pubsub/test_results/cpp_pubsub/xmllint.xunit.xml'
</Value>
				</Measurement>
			</Results>
			<Labels>
				<Label>linter</Label>
				<Label>xmllint</Label>
			</Labels>
		</Test>
		<EndDateTime>Dec 09 17:03 EST</EndDateTime>
		<EndTestTime>1670623429</EndTestTime>
		<ElapsedMinutes>0</ElapsedMinutes>
	</Testing>
</Site>
